{"level":"info","timestamp":"2023-02-03T00:14:18.096+0700","caller":"auto_cashier/main.go:39","msg":"request","URI":"/api/v1/configs?machineId=1","status":200}
{"level":"info","timestamp":"2023-02-03T00:14:18.097+0700","caller":"auto_cashier/main.go:39","msg":"request","URI":"/api/v1/configs?machineId=1","status":200}
{"level":"info","timestamp":"2023-02-03T00:14:20.045+0700","caller":"auto_cashier/main.go:39","msg":"request","URI":"/api/v1/maximum?machineId=1","status":200}
{"level":"info","timestamp":"2023-02-03T00:14:20.046+0700","caller":"auto_cashier/main.go:39","msg":"request","URI":"/api/v1/maximum?machineId=1","status":200}
{"level":"info","timestamp":"2023-02-03T00:14:20.519+0700","caller":"auto_cashier/main.go:39","msg":"request","URI":"/api/v1/maximum?machineId=1","status":200}
{"level":"info","timestamp":"2023-02-03T00:14:20.520+0700","caller":"auto_cashier/main.go:39","msg":"request","URI":"/api/v1/maximum?machineId=1","status":200}
{"level":"info","timestamp":"2023-02-03T00:14:21.308+0700","caller":"auto_cashier/main.go:39","msg":"request","URI":"/api/v1/transections?machineId=1&limit=100","status":200}
{"level":"info","timestamp":"2023-02-03T00:14:21.311+0700","caller":"auto_cashier/main.go:39","msg":"request","URI":"/api/v1/transections?machineId=1&limit=100","status":200}
{"level":"info","timestamp":"2023-02-03T00:14:27.404+0700","caller":"auto_cashier/main.go:39","msg":"request","URI":"/api/v1/maximum?machineId=1","status":200}
{"level":"info","timestamp":"2023-02-03T00:14:27.405+0700","caller":"auto_cashier/main.go:39","msg":"request","URI":"/api/v1/maximum?machineId=1","status":200}
{"level":"info","timestamp":"2023-02-03T13:25:18.988+0700","caller":"auto_cashier/main.go:39","msg":"request","URI":"/api/v1/machine","status":200}
{"level":"info","timestamp":"2023-02-03T13:25:18.989+0700","caller":"auto_cashier/main.go:39","msg":"request","URI":"/api/v1/machine","status":200}
{"level":"info","timestamp":"2023-02-03T13:25:18.995+0700","caller":"auto_cashier/main.go:39","msg":"request","URI":"/api/v1/machine/full","status":200}
{"level":"info","timestamp":"2023-02-03T13:25:18.996+0700","caller":"auto_cashier/main.go:39","msg":"request","URI":"/api/v1/machine/full","status":200}
{"level":"info","timestamp":"2023-02-03T13:25:19.030+0700","caller":"auto_cashier/main.go:39","msg":"request","URI":"/api/v1/machine/empty","status":200}
{"level":"info","timestamp":"2023-02-03T13:25:19.054+0700","caller":"auto_cashier/main.go:39","msg":"request","URI":"/api/v1/machine/empty","status":200}
{"level":"info","timestamp":"2023-02-03T13:35:36.613+0700","caller":"auto_cashier/main.go:39","msg":"request","URI":"/api/v1/maximum?machineId=1","status":200}
{"level":"info","timestamp":"2023-02-03T13:35:36.615+0700","caller":"auto_cashier/main.go:39","msg":"request","URI":"/api/v1/maximum?machineId=1","status":200}
{"level":"info","timestamp":"2023-02-03T13:35:38.089+0700","caller":"auto_cashier/main.go:39","msg":"request","URI":"/api/v1/machine/full","status":200}
{"level":"info","timestamp":"2023-02-03T13:35:38.128+0700","caller":"auto_cashier/main.go:39","msg":"request","URI":"/api/v1/machine/full","status":200}
{"level":"info","timestamp":"2023-02-03T13:35:38.130+0700","caller":"auto_cashier/main.go:39","msg":"request","URI":"/api/v1/machine/empty","status":200}
{"level":"info","timestamp":"2023-02-03T13:35:38.148+0700","caller":"auto_cashier/main.go:39","msg":"request","URI":"/api/v1/machine/empty","status":200}
{"level":"info","timestamp":"2023-02-03T13:35:39.339+0700","caller":"auto_cashier/main.go:39","msg":"request","URI":"/api/v1/machine","status":201}
{"level":"info","timestamp":"2023-02-03T13:35:39.342+0700","caller":"auto_cashier/main.go:39","msg":"request","URI":"/api/v1/machine","status":200}
{"level":"info","timestamp":"2023-02-03T13:35:39.344+0700","caller":"auto_cashier/main.go:39","msg":"request","URI":"/api/v1/machine/full","status":200}
{"level":"info","timestamp":"2023-02-03T13:35:39.360+0700","caller":"auto_cashier/main.go:39","msg":"request","URI":"/api/v1/machine/empty","status":200}
{"level":"info","timestamp":"2023-02-03T13:35:45.818+0700","caller":"auto_cashier/main.go:39","msg":"request","URI":"/api/v1/maximum?machineId=1","status":200}
{"level":"info","timestamp":"2023-02-03T13:35:45.819+0700","caller":"auto_cashier/main.go:39","msg":"request","URI":"/api/v1/maximum?machineId=1","status":200}
{"level":"info","timestamp":"2023-02-03T13:40:08.237+0700","caller":"auto_cashier/main.go:39","msg":"request","URI":"/api/v1/machine","status":200}
{"level":"info","timestamp":"2023-02-03T13:40:08.238+0700","caller":"auto_cashier/main.go:39","msg":"request","URI":"/api/v1/machine","status":200}
{"level":"info","timestamp":"2023-02-03T13:40:08.250+0700","caller":"auto_cashier/main.go:39","msg":"request","URI":"/api/v1/machine/full","status":200}
{"level":"info","timestamp":"2023-02-03T13:40:08.292+0700","caller":"auto_cashier/main.go:39","msg":"request","URI":"/api/v1/machine/full","status":200}
{"level":"info","timestamp":"2023-02-03T13:40:08.292+0700","caller":"auto_cashier/main.go:39","msg":"request","URI":"/api/v1/machine/empty","status":200}
{"level":"info","timestamp":"2023-02-03T13:40:08.310+0700","caller":"auto_cashier/main.go:39","msg":"request","URI":"/api/v1/machine/empty","status":200}
{"level":"info","timestamp":"2023-02-03T13:40:11.221+0700","caller":"auto_cashier/main.go:39","msg":"request","URI":"/api/v1/maximum?machineId=3","status":200}
{"level":"info","timestamp":"2023-02-03T13:40:11.222+0700","caller":"auto_cashier/main.go:39","msg":"request","URI":"/api/v1/maximum?machineId=3","status":200}
{"level":"info","timestamp":"2023-02-03T13:40:17.789+0700","caller":"auto_cashier/main.go:39","msg":"request","URI":"/api/v1/maximum?machineId=3","status":200}
{"level":"info","timestamp":"2023-02-03T13:40:17.789+0700","caller":"auto_cashier/main.go:39","msg":"request","URI":"/api/v1/maximum?machineId=3","status":200}
{"level":"info","timestamp":"2023-02-03T13:40:18.551+0700","caller":"auto_cashier/main.go:39","msg":"request","URI":"/api/v1/maximum?machineId=3","status":200}
{"level":"info","timestamp":"2023-02-03T13:40:18.552+0700","caller":"auto_cashier/main.go:39","msg":"request","URI":"/api/v1/maximum?machineId=3","status":200}
{"level":"info","timestamp":"2023-02-03T13:40:20.346+0700","caller":"auto_cashier/main.go:39","msg":"request","URI":"/api/v1/maximum?machineId=3","status":200}
{"level":"info","timestamp":"2023-02-03T13:40:20.347+0700","caller":"auto_cashier/main.go:39","msg":"request","URI":"/api/v1/maximum?machineId=3","status":200}
{"level":"info","timestamp":"2023-02-03T13:40:39.775+0700","caller":"auto_cashier/main.go:39","msg":"request","URI":"/api/v1/configs?machineId=3","status":200}
{"level":"info","timestamp":"2023-02-03T13:40:39.776+0700","caller":"auto_cashier/main.go:39","msg":"request","URI":"/api/v1/configs?machineId=3","status":200}
{"level":"info","timestamp":"2023-02-03T13:40:45.480+0700","caller":"auto_cashier/main.go:39","msg":"request","URI":"/api/v1/maximum?machineId=3","status":200}
{"level":"info","timestamp":"2023-02-03T13:40:45.481+0700","caller":"auto_cashier/main.go:39","msg":"request","URI":"/api/v1/maximum?machineId=3","status":200}
{"level":"info","timestamp":"2023-02-03T13:40:49.096+0700","caller":"auto_cashier/main.go:39","msg":"request","URI":"/api/v1/maximum?machineId=3","status":200}
{"level":"info","timestamp":"2023-02-03T13:40:49.097+0700","caller":"auto_cashier/main.go:39","msg":"request","URI":"/api/v1/maximum?machineId=3","status":200}
{"level":"info","timestamp":"2023-02-03T13:40:55.075+0700","caller":"auto_cashier/main.go:39","msg":"request","URI":"/api/v1/deposit","status":200}
{"level":"info","timestamp":"2023-02-03T13:40:56.211+0700","caller":"auto_cashier/main.go:39","msg":"request","URI":"/api/v1/maximum?machineId=3","status":200}
{"level":"info","timestamp":"2023-02-03T13:40:56.212+0700","caller":"auto_cashier/main.go:39","msg":"request","URI":"/api/v1/maximum?machineId=3","status":200}
{"level":"info","timestamp":"2023-02-03T13:40:59.066+0700","caller":"auto_cashier/main.go:39","msg":"request","URI":"/api/v1/maximum?machineId=3","status":200}
{"level":"info","timestamp":"2023-02-03T13:40:59.068+0700","caller":"auto_cashier/main.go:39","msg":"request","URI":"/api/v1/maximum?machineId=3","status":200}
{"level":"info","timestamp":"2023-02-03T13:41:02.878+0700","caller":"auto_cashier/main.go:39","msg":"request","URI":"/api/v1/deposit","status":200}
{"level":"info","timestamp":"2023-02-03T13:41:04.093+0700","caller":"auto_cashier/main.go:39","msg":"request","URI":"/api/v1/maximum?machineId=3","status":200}
{"level":"info","timestamp":"2023-02-03T13:41:04.094+0700","caller":"auto_cashier/main.go:39","msg":"request","URI":"/api/v1/maximum?machineId=3","status":200}
{"level":"error","timestamp":"2023-02-03T13:41:59.272+0700","caller":"controllers/controllers.go:153","msg":"not enough change!","stacktrace":"github.com/BigbossXD/auto_cashier/controllers.(*ConfigsController).Receive\n\t/Users/bigboss/Desktop/qchang/auto_cashier/controllers/controllers.go:153\ngithub.com/labstack/echo/v4.(*Echo).add.func1\n\t/Users/bigboss/go/pkg/mod/github.com/labstack/echo/v4@v4.10.0/echo.go:546\ngithub.com/labstack/echo/v4/middleware.RequestLoggerConfig.ToMiddleware.func1.1\n\t/Users/bigboss/go/pkg/mod/github.com/labstack/echo/v4@v4.10.0/middleware/request_logger.go:259\ngithub.com/labstack/echo/v4/middleware.CORSWithConfig.func1.1\n\t/Users/bigboss/go/pkg/mod/github.com/labstack/echo/v4@v4.10.0/middleware/cors.go:255\ngithub.com/labstack/echo/v4.(*Echo).ServeHTTP\n\t/Users/bigboss/go/pkg/mod/github.com/labstack/echo/v4@v4.10.0/echo.go:633\nnet/http.serverHandler.ServeHTTP\n\t/usr/local/go/src/net/http/server.go:2947\nnet/http.(*conn).serve\n\t/usr/local/go/src/net/http/server.go:1991"}
{"level":"info","timestamp":"2023-02-03T13:41:59.274+0700","caller":"auto_cashier/main.go:39","msg":"request","URI":"/api/v1/receive","status":400}
{"level":"info","timestamp":"2023-02-03T13:42:07.122+0700","caller":"auto_cashier/main.go:39","msg":"request","URI":"/api/v1/maximum?machineId=3","status":200}
{"level":"info","timestamp":"2023-02-03T13:42:07.123+0700","caller":"auto_cashier/main.go:39","msg":"request","URI":"/api/v1/maximum?machineId=3","status":200}
{"level":"info","timestamp":"2023-02-03T13:42:08.218+0700","caller":"auto_cashier/main.go:39","msg":"request","URI":"/api/v1/maximum?machineId=3","status":200}
{"level":"info","timestamp":"2023-02-03T13:42:08.219+0700","caller":"auto_cashier/main.go:39","msg":"request","URI":"/api/v1/maximum?machineId=3","status":200}
{"level":"info","timestamp":"2023-02-03T13:42:08.925+0700","caller":"auto_cashier/main.go:39","msg":"request","URI":"/api/v1/maximum?machineId=3","status":200}
{"level":"info","timestamp":"2023-02-03T13:42:11.667+0700","caller":"auto_cashier/main.go:39","msg":"request","URI":"/api/v1/maximum?machineId=3","status":200}
{"level":"info","timestamp":"2023-02-03T13:42:11.668+0700","caller":"auto_cashier/main.go:39","msg":"request","URI":"/api/v1/maximum?machineId=3","status":200}
{"level":"info","timestamp":"2023-02-03T13:42:23.884+0700","caller":"auto_cashier/main.go:39","msg":"request","URI":"/api/v1/deposit","status":200}
{"level":"info","timestamp":"2023-02-03T13:42:25.133+0700","caller":"auto_cashier/main.go:39","msg":"request","URI":"/api/v1/maximum?machineId=3","status":200}
{"level":"info","timestamp":"2023-02-03T13:42:25.133+0700","caller":"auto_cashier/main.go:39","msg":"request","URI":"/api/v1/maximum?machineId=3","status":200}
{"level":"info","timestamp":"2023-02-03T13:42:38.472+0700","caller":"auto_cashier/main.go:39","msg":"request","URI":"/api/v1/receive","status":200}
{"level":"info","timestamp":"2023-02-03T13:43:56.944+0700","caller":"auto_cashier/main.go:39","msg":"request","URI":"/api/v1/machine","status":200}
{"level":"info","timestamp":"2023-02-03T13:43:56.945+0700","caller":"auto_cashier/main.go:39","msg":"request","URI":"/api/v1/machine","status":200}
{"level":"info","timestamp":"2023-02-03T13:43:56.957+0700","caller":"auto_cashier/main.go:39","msg":"request","URI":"/api/v1/machine/full","status":200}
{"level":"info","timestamp":"2023-02-03T13:43:56.997+0700","caller":"auto_cashier/main.go:39","msg":"request","URI":"/api/v1/machine/full","status":200}
{"level":"info","timestamp":"2023-02-03T13:43:56.997+0700","caller":"auto_cashier/main.go:39","msg":"request","URI":"/api/v1/machine/empty","status":200}
{"level":"info","timestamp":"2023-02-03T13:43:57.018+0700","caller":"auto_cashier/main.go:39","msg":"request","URI":"/api/v1/machine/empty","status":200}
{"level":"info","timestamp":"2023-02-03T13:43:58.218+0700","caller":"auto_cashier/main.go:39","msg":"request","URI":"/api/v1/maximum?machineId=2","status":200}
{"level":"info","timestamp":"2023-02-03T13:43:58.220+0700","caller":"auto_cashier/main.go:39","msg":"request","URI":"/api/v1/maximum?machineId=2","status":200}
{"level":"error","timestamp":"2023-02-03T13:44:01.499+0700","caller":"controllers/controllers.go:153","msg":"not enough change!","stacktrace":"github.com/BigbossXD/auto_cashier/controllers.(*ConfigsController).Receive\n\t/Users/bigboss/Desktop/qchang/auto_cashier/controllers/controllers.go:153\ngithub.com/labstack/echo/v4.(*Echo).add.func1\n\t/Users/bigboss/go/pkg/mod/github.com/labstack/echo/v4@v4.10.0/echo.go:546\ngithub.com/labstack/echo/v4/middleware.RequestLoggerConfig.ToMiddleware.func1.1\n\t/Users/bigboss/go/pkg/mod/github.com/labstack/echo/v4@v4.10.0/middleware/request_logger.go:259\ngithub.com/labstack/echo/v4/middleware.CORSWithConfig.func1.1\n\t/Users/bigboss/go/pkg/mod/github.com/labstack/echo/v4@v4.10.0/middleware/cors.go:255\ngithub.com/labstack/echo/v4.(*Echo).ServeHTTP\n\t/Users/bigboss/go/pkg/mod/github.com/labstack/echo/v4@v4.10.0/echo.go:633\nnet/http.serverHandler.ServeHTTP\n\t/usr/local/go/src/net/http/server.go:2947\nnet/http.(*conn).serve\n\t/usr/local/go/src/net/http/server.go:1991"}
{"level":"info","timestamp":"2023-02-03T13:44:01.500+0700","caller":"auto_cashier/main.go:39","msg":"request","URI":"/api/v1/receive","status":400}
{"level":"error","timestamp":"2023-02-03T13:44:07.838+0700","caller":"controllers/controllers.go:153","msg":"not enough change!","stacktrace":"github.com/BigbossXD/auto_cashier/controllers.(*ConfigsController).Receive\n\t/Users/bigboss/Desktop/qchang/auto_cashier/controllers/controllers.go:153\ngithub.com/labstack/echo/v4.(*Echo).add.func1\n\t/Users/bigboss/go/pkg/mod/github.com/labstack/echo/v4@v4.10.0/echo.go:546\ngithub.com/labstack/echo/v4/middleware.RequestLoggerConfig.ToMiddleware.func1.1\n\t/Users/bigboss/go/pkg/mod/github.com/labstack/echo/v4@v4.10.0/middleware/request_logger.go:259\ngithub.com/labstack/echo/v4/middleware.CORSWithConfig.func1.1\n\t/Users/bigboss/go/pkg/mod/github.com/labstack/echo/v4@v4.10.0/middleware/cors.go:255\ngithub.com/labstack/echo/v4.(*Echo).ServeHTTP\n\t/Users/bigboss/go/pkg/mod/github.com/labstack/echo/v4@v4.10.0/echo.go:633\nnet/http.serverHandler.ServeHTTP\n\t/usr/local/go/src/net/http/server.go:2947\nnet/http.(*conn).serve\n\t/usr/local/go/src/net/http/server.go:1991"}
{"level":"info","timestamp":"2023-02-03T13:44:07.838+0700","caller":"auto_cashier/main.go:39","msg":"request","URI":"/api/v1/receive","status":400}
{"level":"info","timestamp":"2023-02-03T13:44:52.140+0700","caller":"auto_cashier/main.go:39","msg":"request","URI":"/api/v1/maximum?machineId=2","status":200}
{"level":"info","timestamp":"2023-02-03T13:44:52.142+0700","caller":"auto_cashier/main.go:39","msg":"request","URI":"/api/v1/maximum?machineId=2","status":200}
{"level":"info","timestamp":"2023-02-03T13:44:55.356+0700","caller":"auto_cashier/main.go:39","msg":"request","URI":"/api/v1/maximum?machineId=2","status":200}
{"level":"info","timestamp":"2023-02-03T13:44:55.358+0700","caller":"auto_cashier/main.go:39","msg":"request","URI":"/api/v1/maximum?machineId=2","status":200}
{"level":"info","timestamp":"2023-02-03T13:45:22.006+0700","caller":"auto_cashier/main.go:39","msg":"request","URI":"/api/v1/maximum?machineId=2","status":200}
{"level":"info","timestamp":"2023-02-03T13:45:31.128+0700","caller":"auto_cashier/main.go:39","msg":"request","URI":"/api/v1/maximum?machineId=2","status":200}
{"level":"info","timestamp":"2023-02-03T13:45:31.272+0700","caller":"auto_cashier/main.go:39","msg":"request","URI":"/api/v1/maximum?machineId=2","status":200}
{"level":"error","timestamp":"2023-02-03T13:45:37.724+0700","caller":"controllers/controllers.go:153","msg":"not enough change!","stacktrace":"github.com/BigbossXD/auto_cashier/controllers.(*ConfigsController).Receive\n\t/Users/bigboss/Desktop/qchang/auto_cashier/controllers/controllers.go:153\ngithub.com/labstack/echo/v4.(*Echo).add.func1\n\t/Users/bigboss/go/pkg/mod/github.com/labstack/echo/v4@v4.10.0/echo.go:546\ngithub.com/labstack/echo/v4/middleware.RequestLoggerConfig.ToMiddleware.func1.1\n\t/Users/bigboss/go/pkg/mod/github.com/labstack/echo/v4@v4.10.0/middleware/request_logger.go:259\ngithub.com/labstack/echo/v4/middleware.CORSWithConfig.func1.1\n\t/Users/bigboss/go/pkg/mod/github.com/labstack/echo/v4@v4.10.0/middleware/cors.go:255\ngithub.com/labstack/echo/v4.(*Echo).ServeHTTP\n\t/Users/bigboss/go/pkg/mod/github.com/labstack/echo/v4@v4.10.0/echo.go:633\nnet/http.serverHandler.ServeHTTP\n\t/usr/local/go/src/net/http/server.go:2947\nnet/http.(*conn).serve\n\t/usr/local/go/src/net/http/server.go:1991"}
{"level":"info","timestamp":"2023-02-03T13:45:37.725+0700","caller":"auto_cashier/main.go:39","msg":"request","URI":"/api/v1/receive","status":400}
{"level":"info","timestamp":"2023-02-03T13:47:03.936+0700","caller":"auto_cashier/main.go:39","msg":"request","URI":"/api/v1/maximum?machineId=2","status":200}
{"level":"error","timestamp":"2023-02-03T13:47:08.121+0700","caller":"controllers/controllers.go:153","msg":"not enough change!","stacktrace":"github.com/BigbossXD/auto_cashier/controllers.(*ConfigsController).Receive\n\t/Users/bigboss/Desktop/qchang/auto_cashier/controllers/controllers.go:153\ngithub.com/labstack/echo/v4.(*Echo).add.func1\n\t/Users/bigboss/go/pkg/mod/github.com/labstack/echo/v4@v4.10.0/echo.go:546\ngithub.com/labstack/echo/v4/middleware.RequestLoggerConfig.ToMiddleware.func1.1\n\t/Users/bigboss/go/pkg/mod/github.com/labstack/echo/v4@v4.10.0/middleware/request_logger.go:259\ngithub.com/labstack/echo/v4/middleware.CORSWithConfig.func1.1\n\t/Users/bigboss/go/pkg/mod/github.com/labstack/echo/v4@v4.10.0/middleware/cors.go:255\ngithub.com/labstack/echo/v4.(*Echo).ServeHTTP\n\t/Users/bigboss/go/pkg/mod/github.com/labstack/echo/v4@v4.10.0/echo.go:633\nnet/http.serverHandler.ServeHTTP\n\t/usr/local/go/src/net/http/server.go:2947\nnet/http.(*conn).serve\n\t/usr/local/go/src/net/http/server.go:1991"}
{"level":"info","timestamp":"2023-02-03T13:47:08.121+0700","caller":"auto_cashier/main.go:39","msg":"request","URI":"/api/v1/receive","status":400}
{"level":"info","timestamp":"2023-02-03T13:47:28.533+0700","caller":"auto_cashier/main.go:39","msg":"request","URI":"/api/v1/maximum?machineId=2","status":200}
{"level":"error","timestamp":"2023-02-03T13:47:34.100+0700","caller":"controllers/controllers.go:153","msg":"not enough change!","stacktrace":"github.com/BigbossXD/auto_cashier/controllers.(*ConfigsController).Receive\n\t/Users/bigboss/Desktop/qchang/auto_cashier/controllers/controllers.go:153\ngithub.com/labstack/echo/v4.(*Echo).add.func1\n\t/Users/bigboss/go/pkg/mod/github.com/labstack/echo/v4@v4.10.0/echo.go:546\ngithub.com/labstack/echo/v4/middleware.RequestLoggerConfig.ToMiddleware.func1.1\n\t/Users/bigboss/go/pkg/mod/github.com/labstack/echo/v4@v4.10.0/middleware/request_logger.go:259\ngithub.com/labstack/echo/v4/middleware.CORSWithConfig.func1.1\n\t/Users/bigboss/go/pkg/mod/github.com/labstack/echo/v4@v4.10.0/middleware/cors.go:255\ngithub.com/labstack/echo/v4.(*Echo).ServeHTTP\n\t/Users/bigboss/go/pkg/mod/github.com/labstack/echo/v4@v4.10.0/echo.go:633\nnet/http.serverHandler.ServeHTTP\n\t/usr/local/go/src/net/http/server.go:2947\nnet/http.(*conn).serve\n\t/usr/local/go/src/net/http/server.go:1991"}
{"level":"info","timestamp":"2023-02-03T13:47:34.100+0700","caller":"auto_cashier/main.go:39","msg":"request","URI":"/api/v1/receive","status":400}
{"level":"info","timestamp":"2023-02-03T13:47:55.064+0700","caller":"auto_cashier/main.go:39","msg":"request","URI":"/api/v1/maximum?machineId=2","status":200}
{"level":"info","timestamp":"2023-02-03T13:47:56.371+0700","caller":"auto_cashier/main.go:39","msg":"request","URI":"/api/v1/maximum?machineId=2","status":200}
{"level":"info","timestamp":"2023-02-03T13:48:14.057+0700","caller":"auto_cashier/main.go:39","msg":"request","URI":"/api/v1/maximum?machineId=2","status":200}
{"level":"error","timestamp":"2023-02-03T13:48:17.186+0700","caller":"controllers/controllers.go:153","msg":"not enough change!","stacktrace":"github.com/BigbossXD/auto_cashier/controllers.(*ConfigsController).Receive\n\t/Users/bigboss/Desktop/qchang/auto_cashier/controllers/controllers.go:153\ngithub.com/labstack/echo/v4.(*Echo).add.func1\n\t/Users/bigboss/go/pkg/mod/github.com/labstack/echo/v4@v4.10.0/echo.go:546\ngithub.com/labstack/echo/v4/middleware.RequestLoggerConfig.ToMiddleware.func1.1\n\t/Users/bigboss/go/pkg/mod/github.com/labstack/echo/v4@v4.10.0/middleware/request_logger.go:259\ngithub.com/labstack/echo/v4/middleware.CORSWithConfig.func1.1\n\t/Users/bigboss/go/pkg/mod/github.com/labstack/echo/v4@v4.10.0/middleware/cors.go:255\ngithub.com/labstack/echo/v4.(*Echo).ServeHTTP\n\t/Users/bigboss/go/pkg/mod/github.com/labstack/echo/v4@v4.10.0/echo.go:633\nnet/http.serverHandler.ServeHTTP\n\t/usr/local/go/src/net/http/server.go:2947\nnet/http.(*conn).serve\n\t/usr/local/go/src/net/http/server.go:1991"}
{"level":"info","timestamp":"2023-02-03T13:48:17.186+0700","caller":"auto_cashier/main.go:39","msg":"request","URI":"/api/v1/receive","status":400}
{"level":"info","timestamp":"2023-02-03T13:48:33.127+0700","caller":"auto_cashier/main.go:39","msg":"request","URI":"/api/v1/maximum?machineId=2","status":200}
{"level":"info","timestamp":"2023-02-03T13:48:37.998+0700","caller":"auto_cashier/main.go:39","msg":"request","URI":"/api/v1/maximum?machineId=2","status":200}
{"level":"info","timestamp":"2023-02-03T13:48:40.289+0700","caller":"auto_cashier/main.go:39","msg":"request","URI":"/api/v1/maximum?machineId=2","status":200}
{"level":"info","timestamp":"2023-02-03T13:48:46.428+0700","caller":"auto_cashier/main.go:39","msg":"request","URI":"/api/v1/maximum?machineId=2","status":200}
{"level":"info","timestamp":"2023-02-03T13:48:47.761+0700","caller":"auto_cashier/main.go:39","msg":"request","URI":"/api/v1/maximum?machineId=2","status":200}
{"level":"info","timestamp":"2023-02-03T13:48:47.763+0700","caller":"auto_cashier/main.go:39","msg":"request","URI":"/api/v1/maximum?machineId=2","status":200}
{"level":"error","timestamp":"2023-02-03T13:48:50.585+0700","caller":"controllers/controllers.go:153","msg":"not enough change!","stacktrace":"github.com/BigbossXD/auto_cashier/controllers.(*ConfigsController).Receive\n\t/Users/bigboss/Desktop/qchang/auto_cashier/controllers/controllers.go:153\ngithub.com/labstack/echo/v4.(*Echo).add.func1\n\t/Users/bigboss/go/pkg/mod/github.com/labstack/echo/v4@v4.10.0/echo.go:546\ngithub.com/labstack/echo/v4/middleware.RequestLoggerConfig.ToMiddleware.func1.1\n\t/Users/bigboss/go/pkg/mod/github.com/labstack/echo/v4@v4.10.0/middleware/request_logger.go:259\ngithub.com/labstack/echo/v4/middleware.CORSWithConfig.func1.1\n\t/Users/bigboss/go/pkg/mod/github.com/labstack/echo/v4@v4.10.0/middleware/cors.go:255\ngithub.com/labstack/echo/v4.(*Echo).ServeHTTP\n\t/Users/bigboss/go/pkg/mod/github.com/labstack/echo/v4@v4.10.0/echo.go:633\nnet/http.serverHandler.ServeHTTP\n\t/usr/local/go/src/net/http/server.go:2947\nnet/http.(*conn).serve\n\t/usr/local/go/src/net/http/server.go:1991"}
{"level":"info","timestamp":"2023-02-03T13:48:50.585+0700","caller":"auto_cashier/main.go:39","msg":"request","URI":"/api/v1/receive","status":400}
{"level":"info","timestamp":"2023-02-03T13:49:12.192+0700","caller":"auto_cashier/main.go:39","msg":"request","URI":"/api/v1/maximum?machineId=2","status":200}
{"level":"info","timestamp":"2023-02-03T13:49:14.220+0700","caller":"auto_cashier/main.go:39","msg":"request","URI":"/api/v1/maximum?machineId=2","status":200}
{"level":"info","timestamp":"2023-02-03T13:49:18.037+0700","caller":"auto_cashier/main.go:39","msg":"request","URI":"/api/v1/maximum?machineId=2","status":200}
{"level":"info","timestamp":"2023-02-03T13:49:20.431+0700","caller":"auto_cashier/main.go:39","msg":"request","URI":"/api/v1/maximum?machineId=2","status":200}
{"level":"info","timestamp":"2023-02-03T13:49:31.136+0700","caller":"auto_cashier/main.go:39","msg":"request","URI":"/api/v1/maximum?machineId=2","status":200}
{"level":"info","timestamp":"2023-02-03T13:49:31.300+0700","caller":"auto_cashier/main.go:39","msg":"request","URI":"/api/v1/maximum?machineId=2","status":200}
{"level":"error","timestamp":"2023-02-03T13:49:33.399+0700","caller":"controllers/controllers.go:153","msg":"not enough change!","stacktrace":"github.com/BigbossXD/auto_cashier/controllers.(*ConfigsController).Receive\n\t/Users/bigboss/Desktop/qchang/auto_cashier/controllers/controllers.go:153\ngithub.com/labstack/echo/v4.(*Echo).add.func1\n\t/Users/bigboss/go/pkg/mod/github.com/labstack/echo/v4@v4.10.0/echo.go:546\ngithub.com/labstack/echo/v4/middleware.RequestLoggerConfig.ToMiddleware.func1.1\n\t/Users/bigboss/go/pkg/mod/github.com/labstack/echo/v4@v4.10.0/middleware/request_logger.go:259\ngithub.com/labstack/echo/v4/middleware.CORSWithConfig.func1.1\n\t/Users/bigboss/go/pkg/mod/github.com/labstack/echo/v4@v4.10.0/middleware/cors.go:255\ngithub.com/labstack/echo/v4.(*Echo).ServeHTTP\n\t/Users/bigboss/go/pkg/mod/github.com/labstack/echo/v4@v4.10.0/echo.go:633\nnet/http.serverHandler.ServeHTTP\n\t/usr/local/go/src/net/http/server.go:2947\nnet/http.(*conn).serve\n\t/usr/local/go/src/net/http/server.go:1991"}
{"level":"info","timestamp":"2023-02-03T13:49:33.399+0700","caller":"auto_cashier/main.go:39","msg":"request","URI":"/api/v1/receive","status":400}
{"level":"info","timestamp":"2023-02-03T13:50:02.246+0700","caller":"auto_cashier/main.go:39","msg":"request","URI":"/api/v1/maximum?machineId=2","status":200}
{"level":"info","timestamp":"2023-02-03T13:50:06.975+0700","caller":"auto_cashier/main.go:39","msg":"request","URI":"/api/v1/machine","status":200}
{"level":"info","timestamp":"2023-02-03T13:50:06.975+0700","caller":"auto_cashier/main.go:39","msg":"request","URI":"/api/v1/machine","status":200}
{"level":"info","timestamp":"2023-02-03T13:50:06.991+0700","caller":"auto_cashier/main.go:39","msg":"request","URI":"/api/v1/machine/full","status":200}
{"level":"info","timestamp":"2023-02-03T13:50:07.031+0700","caller":"auto_cashier/main.go:39","msg":"request","URI":"/api/v1/machine/full","status":200}
{"level":"info","timestamp":"2023-02-03T13:50:07.031+0700","caller":"auto_cashier/main.go:39","msg":"request","URI":"/api/v1/machine/empty","status":200}
{"level":"info","timestamp":"2023-02-03T13:50:07.052+0700","caller":"auto_cashier/main.go:39","msg":"request","URI":"/api/v1/machine/empty","status":200}
{"level":"info","timestamp":"2023-02-03T13:50:08.454+0700","caller":"auto_cashier/main.go:39","msg":"request","URI":"/api/v1/maximum?machineId=1","status":200}
{"level":"info","timestamp":"2023-02-03T13:50:08.455+0700","caller":"auto_cashier/main.go:39","msg":"request","URI":"/api/v1/maximum?machineId=1","status":200}
{"level":"info","timestamp":"2023-02-03T13:50:09.074+0700","caller":"auto_cashier/main.go:39","msg":"request","URI":"/api/v1/maximum?machineId=1","status":200}
{"level":"info","timestamp":"2023-02-03T13:50:11.417+0700","caller":"auto_cashier/main.go:39","msg":"request","URI":"/api/v1/machine","status":200}
{"level":"info","timestamp":"2023-02-03T13:50:11.418+0700","caller":"auto_cashier/main.go:39","msg":"request","URI":"/api/v1/machine","status":200}
{"level":"info","timestamp":"2023-02-03T13:50:11.426+0700","caller":"auto_cashier/main.go:39","msg":"request","URI":"/api/v1/machine/full","status":200}
{"level":"info","timestamp":"2023-02-03T13:50:11.466+0700","caller":"auto_cashier/main.go:39","msg":"request","URI":"/api/v1/machine/full","status":200}
{"level":"info","timestamp":"2023-02-03T13:50:11.466+0700","caller":"auto_cashier/main.go:39","msg":"request","URI":"/api/v1/machine/empty","status":200}
{"level":"info","timestamp":"2023-02-03T13:50:11.481+0700","caller":"auto_cashier/main.go:39","msg":"request","URI":"/api/v1/machine/empty","status":200}
{"level":"info","timestamp":"2023-02-03T13:50:12.598+0700","caller":"auto_cashier/main.go:39","msg":"request","URI":"/api/v1/maximum?machineId=2","status":200}
{"level":"info","timestamp":"2023-02-03T13:50:12.599+0700","caller":"auto_cashier/main.go:39","msg":"request","URI":"/api/v1/maximum?machineId=2","status":200}
{"level":"info","timestamp":"2023-02-03T13:50:13.172+0700","caller":"auto_cashier/main.go:39","msg":"request","URI":"/api/v1/maximum?machineId=2","status":200}
{"level":"info","timestamp":"2023-02-03T13:50:15.675+0700","caller":"auto_cashier/main.go:39","msg":"request","URI":"/api/v1/machine","status":200}
{"level":"info","timestamp":"2023-02-03T13:50:15.676+0700","caller":"auto_cashier/main.go:39","msg":"request","URI":"/api/v1/machine","status":200}
{"level":"info","timestamp":"2023-02-03T13:50:15.683+0700","caller":"auto_cashier/main.go:39","msg":"request","URI":"/api/v1/machine/full","status":200}
{"level":"info","timestamp":"2023-02-03T13:50:15.719+0700","caller":"auto_cashier/main.go:39","msg":"request","URI":"/api/v1/machine/full","status":200}
{"level":"info","timestamp":"2023-02-03T13:50:15.719+0700","caller":"auto_cashier/main.go:39","msg":"request","URI":"/api/v1/machine/empty","status":200}
{"level":"info","timestamp":"2023-02-03T13:50:15.738+0700","caller":"auto_cashier/main.go:39","msg":"request","URI":"/api/v1/machine/empty","status":200}
{"level":"info","timestamp":"2023-02-03T13:50:17.178+0700","caller":"auto_cashier/main.go:39","msg":"request","URI":"/api/v1/maximum?machineId=3","status":200}
{"level":"info","timestamp":"2023-02-03T13:50:17.179+0700","caller":"auto_cashier/main.go:39","msg":"request","URI":"/api/v1/maximum?machineId=3","status":200}
{"level":"info","timestamp":"2023-02-03T13:50:17.771+0700","caller":"auto_cashier/main.go:39","msg":"request","URI":"/api/v1/maximum?machineId=3","status":200}
{"level":"info","timestamp":"2023-02-03T13:53:58.956+0700","caller":"auto_cashier/main.go:39","msg":"request","URI":"/api/v1/maximum?machineId=3","status":200}
{"level":"info","timestamp":"2023-02-03T13:54:01.210+0700","caller":"auto_cashier/main.go:39","msg":"request","URI":"/api/v1/maximum?machineId=3","status":200}
{"level":"info","timestamp":"2023-02-03T13:54:01.211+0700","caller":"auto_cashier/main.go:39","msg":"request","URI":"/api/v1/maximum?machineId=3","status":200}
{"level":"info","timestamp":"2023-02-03T13:55:40.936+0700","caller":"auto_cashier/main.go:39","msg":"request","URI":"/api/v1/deposit","status":200}
{"level":"info","timestamp":"2023-02-03T13:55:42.176+0700","caller":"auto_cashier/main.go:39","msg":"request","URI":"/api/v1/maximum?machineId=3","status":200}
{"level":"info","timestamp":"2023-02-03T13:55:42.180+0700","caller":"auto_cashier/main.go:39","msg":"request","URI":"/api/v1/maximum?machineId=3","status":200}
{"level":"info","timestamp":"2023-02-03T13:55:43.819+0700","caller":"auto_cashier/main.go:39","msg":"request","URI":"/api/v1/maximum?machineId=3","status":200}
{"level":"info","timestamp":"2023-02-03T13:55:43.819+0700","caller":"auto_cashier/main.go:39","msg":"request","URI":"/api/v1/maximum?machineId=3","status":200}
{"level":"info","timestamp":"2023-02-03T13:57:26.141+0700","caller":"auto_cashier/main.go:39","msg":"request","URI":"/api/v1/transections?machineId=3&limit=100","status":200}
{"level":"info","timestamp":"2023-02-03T13:57:26.143+0700","caller":"auto_cashier/main.go:39","msg":"request","URI":"/api/v1/transections?machineId=3&limit=100","status":200}
{"level":"info","timestamp":"2023-02-03T13:58:44.831+0700","caller":"auto_cashier/main.go:39","msg":"request","URI":"/api/v1/configs?machineId=3","status":200}
{"level":"info","timestamp":"2023-02-03T13:58:44.833+0700","caller":"auto_cashier/main.go:39","msg":"request","URI":"/api/v1/configs?machineId=3","status":200}
{"level":"error","timestamp":"2023-02-03T14:01:18.462+0700","caller":"repositories/configs_repository.go:53","msg":"record not found","stacktrace":"github.com/BigbossXD/auto_cashier/repositories.(*ConfigsRepository).GetConfigsByMoneyValueAndMachineID\n\t/Users/bigboss/Desktop/qchang/auto_cashier/repositories/configs_repository.go:53\ngithub.com/BigbossXD/auto_cashier/services.(*ConfigsService).CreateConfigs\n\t/Users/bigboss/Desktop/qchang/auto_cashier/services/configs_service.go:53\ngithub.com/BigbossXD/auto_cashier/controllers.(*ConfigsController).CreateConfig\n\t/Users/bigboss/Desktop/qchang/auto_cashier/controllers/configs_controllers.go:81\ngithub.com/labstack/echo/v4.(*Echo).add.func1\n\t/Users/bigboss/go/pkg/mod/github.com/labstack/echo/v4@v4.10.0/echo.go:546\ngithub.com/labstack/echo/v4/middleware.RequestLoggerConfig.ToMiddleware.func1.1\n\t/Users/bigboss/go/pkg/mod/github.com/labstack/echo/v4@v4.10.0/middleware/request_logger.go:259\ngithub.com/labstack/echo/v4/middleware.CORSWithConfig.func1.1\n\t/Users/bigboss/go/pkg/mod/github.com/labstack/echo/v4@v4.10.0/middleware/cors.go:255\ngithub.com/labstack/echo/v4.(*Echo).ServeHTTP\n\t/Users/bigboss/go/pkg/mod/github.com/labstack/echo/v4@v4.10.0/echo.go:633\nnet/http.serverHandler.ServeHTTP\n\t/usr/local/go/src/net/http/server.go:2947\nnet/http.(*conn).serve\n\t/usr/local/go/src/net/http/server.go:1991"}
{"level":"info","timestamp":"2023-02-03T14:01:18.465+0700","caller":"auto_cashier/main.go:39","msg":"request","URI":"/api/v1/configs","status":201}
{"level":"info","timestamp":"2023-02-03T14:01:18.470+0700","caller":"auto_cashier/main.go:39","msg":"request","URI":"/api/v1/configs?machineId=3","status":200}
{"level":"error","timestamp":"2023-02-03T14:01:27.741+0700","caller":"repositories/configs_repository.go:53","msg":"record not found","stacktrace":"github.com/BigbossXD/auto_cashier/repositories.(*ConfigsRepository).GetConfigsByMoneyValueAndMachineID\n\t/Users/bigboss/Desktop/qchang/auto_cashier/repositories/configs_repository.go:53\ngithub.com/BigbossXD/auto_cashier/services.(*ConfigsService).CreateConfigs\n\t/Users/bigboss/Desktop/qchang/auto_cashier/services/configs_service.go:53\ngithub.com/BigbossXD/auto_cashier/controllers.(*ConfigsController).CreateConfig\n\t/Users/bigboss/Desktop/qchang/auto_cashier/controllers/configs_controllers.go:81\ngithub.com/labstack/echo/v4.(*Echo).add.func1\n\t/Users/bigboss/go/pkg/mod/github.com/labstack/echo/v4@v4.10.0/echo.go:546\ngithub.com/labstack/echo/v4/middleware.RequestLoggerConfig.ToMiddleware.func1.1\n\t/Users/bigboss/go/pkg/mod/github.com/labstack/echo/v4@v4.10.0/middleware/request_logger.go:259\ngithub.com/labstack/echo/v4/middleware.CORSWithConfig.func1.1\n\t/Users/bigboss/go/pkg/mod/github.com/labstack/echo/v4@v4.10.0/middleware/cors.go:255\ngithub.com/labstack/echo/v4.(*Echo).ServeHTTP\n\t/Users/bigboss/go/pkg/mod/github.com/labstack/echo/v4@v4.10.0/echo.go:633\nnet/http.serverHandler.ServeHTTP\n\t/usr/local/go/src/net/http/server.go:2947\nnet/http.(*conn).serve\n\t/usr/local/go/src/net/http/server.go:1991"}
{"level":"info","timestamp":"2023-02-03T14:01:27.743+0700","caller":"auto_cashier/main.go:39","msg":"request","URI":"/api/v1/configs","status":201}
{"level":"info","timestamp":"2023-02-03T14:01:27.750+0700","caller":"auto_cashier/main.go:39","msg":"request","URI":"/api/v1/configs?machineId=3","status":200}
{"level":"info","timestamp":"2023-02-03T14:01:30.915+0700","caller":"auto_cashier/main.go:39","msg":"request","URI":"/api/v1/maximum?machineId=3","status":200}
{"level":"info","timestamp":"2023-02-03T14:01:30.916+0700","caller":"auto_cashier/main.go:39","msg":"request","URI":"/api/v1/maximum?machineId=3","status":200}
{"level":"info","timestamp":"2023-02-03T14:01:38.524+0700","caller":"auto_cashier/main.go:39","msg":"request","URI":"/api/v1/configs?machineId=3","status":200}
{"level":"info","timestamp":"2023-02-03T14:01:38.525+0700","caller":"auto_cashier/main.go:39","msg":"request","URI":"/api/v1/configs?machineId=3","status":200}
{"level":"info","timestamp":"2023-02-03T14:02:51.934+0700","caller":"auto_cashier/main.go:39","msg":"request","URI":"/api/v1/maximum?machineId=3","status":200}
{"level":"info","timestamp":"2023-02-03T14:02:51.935+0700","caller":"auto_cashier/main.go:39","msg":"request","URI":"/api/v1/maximum?machineId=3","status":200}
{"level":"info","timestamp":"2023-02-03T14:02:52.526+0700","caller":"auto_cashier/main.go:39","msg":"request","URI":"/api/v1/maximum?machineId=3","status":200}
{"level":"info","timestamp":"2023-02-03T14:02:52.527+0700","caller":"auto_cashier/main.go:39","msg":"request","URI":"/api/v1/maximum?machineId=3","status":200}
{"level":"info","timestamp":"2023-02-03T14:02:53.352+0700","caller":"auto_cashier/main.go:39","msg":"request","URI":"/api/v1/maximum?machineId=3","status":200}
{"level":"info","timestamp":"2023-02-03T14:02:53.353+0700","caller":"auto_cashier/main.go:39","msg":"request","URI":"/api/v1/maximum?machineId=3","status":200}
{"level":"info","timestamp":"2023-02-03T14:02:54.223+0700","caller":"auto_cashier/main.go:39","msg":"request","URI":"/api/v1/maximum?machineId=3","status":200}
{"level":"info","timestamp":"2023-02-03T14:02:54.224+0700","caller":"auto_cashier/main.go:39","msg":"request","URI":"/api/v1/maximum?machineId=3","status":200}
{"level":"info","timestamp":"2023-02-03T14:02:55.040+0700","caller":"auto_cashier/main.go:39","msg":"request","URI":"/api/v1/maximum?machineId=3","status":200}
{"level":"info","timestamp":"2023-02-03T14:02:55.041+0700","caller":"auto_cashier/main.go:39","msg":"request","URI":"/api/v1/maximum?machineId=3","status":200}
{"level":"info","timestamp":"2023-02-03T14:02:55.437+0700","caller":"auto_cashier/main.go:39","msg":"request","URI":"/api/v1/maximum?machineId=3","status":200}
{"level":"info","timestamp":"2023-02-03T14:02:55.438+0700","caller":"auto_cashier/main.go:39","msg":"request","URI":"/api/v1/maximum?machineId=3","status":200}
{"level":"info","timestamp":"2023-02-03T14:02:55.735+0700","caller":"auto_cashier/main.go:39","msg":"request","URI":"/api/v1/maximum?machineId=3","status":200}
{"level":"info","timestamp":"2023-02-03T14:02:55.736+0700","caller":"auto_cashier/main.go:39","msg":"request","URI":"/api/v1/maximum?machineId=3","status":200}
{"level":"info","timestamp":"2023-02-03T14:02:56.263+0700","caller":"auto_cashier/main.go:39","msg":"request","URI":"/api/v1/maximum?machineId=3","status":200}
{"level":"info","timestamp":"2023-02-03T14:02:56.264+0700","caller":"auto_cashier/main.go:39","msg":"request","URI":"/api/v1/maximum?machineId=3","status":200}
{"level":"info","timestamp":"2023-02-03T14:03:03.932+0700","caller":"auto_cashier/main.go:39","msg":"request","URI":"/api/v1/receive","status":200}
{"level":"info","timestamp":"2023-02-03T14:03:17.713+0700","caller":"auto_cashier/main.go:39","msg":"request","URI":"/api/v1/maximum?machineId=3","status":200}
{"level":"info","timestamp":"2023-02-03T14:03:17.714+0700","caller":"auto_cashier/main.go:39","msg":"request","URI":"/api/v1/maximum?machineId=3","status":200}
{"level":"info","timestamp":"2023-02-03T14:03:19.917+0700","caller":"auto_cashier/main.go:39","msg":"request","URI":"/api/v1/maximum?machineId=3","status":200}
{"level":"info","timestamp":"2023-02-03T14:03:19.917+0700","caller":"auto_cashier/main.go:39","msg":"request","URI":"/api/v1/maximum?machineId=3","status":200}
{"level":"info","timestamp":"2023-02-03T14:03:29.249+0700","caller":"auto_cashier/main.go:39","msg":"request","URI":"/api/v1/deposit","status":200}
{"level":"info","timestamp":"2023-02-03T14:03:30.476+0700","caller":"auto_cashier/main.go:39","msg":"request","URI":"/api/v1/maximum?machineId=3","status":200}
{"level":"info","timestamp":"2023-02-03T14:03:30.477+0700","caller":"auto_cashier/main.go:39","msg":"request","URI":"/api/v1/maximum?machineId=3","status":200}
{"level":"info","timestamp":"2023-02-03T14:03:31.471+0700","caller":"auto_cashier/main.go:39","msg":"request","URI":"/api/v1/maximum?machineId=3","status":200}
{"level":"info","timestamp":"2023-02-03T14:03:31.472+0700","caller":"auto_cashier/main.go:39","msg":"request","URI":"/api/v1/maximum?machineId=3","status":200}
{"level":"info","timestamp":"2023-02-03T14:03:32.526+0700","caller":"auto_cashier/main.go:39","msg":"request","URI":"/api/v1/maximum?machineId=3","status":200}
{"level":"info","timestamp":"2023-02-03T14:03:32.527+0700","caller":"auto_cashier/main.go:39","msg":"request","URI":"/api/v1/maximum?machineId=3","status":200}
{"level":"info","timestamp":"2023-02-03T14:03:33.155+0700","caller":"auto_cashier/main.go:39","msg":"request","URI":"/api/v1/maximum?machineId=3","status":200}
{"level":"info","timestamp":"2023-02-03T14:03:33.156+0700","caller":"auto_cashier/main.go:39","msg":"request","URI":"/api/v1/maximum?machineId=3","status":200}
{"level":"info","timestamp":"2023-02-03T14:03:33.796+0700","caller":"auto_cashier/main.go:39","msg":"request","URI":"/api/v1/maximum?machineId=3","status":200}
{"level":"info","timestamp":"2023-02-03T14:03:33.797+0700","caller":"auto_cashier/main.go:39","msg":"request","URI":"/api/v1/maximum?machineId=3","status":200}
{"level":"info","timestamp":"2023-02-03T14:03:34.373+0700","caller":"auto_cashier/main.go:39","msg":"request","URI":"/api/v1/maximum?machineId=3","status":200}
{"level":"info","timestamp":"2023-02-03T14:03:34.374+0700","caller":"auto_cashier/main.go:39","msg":"request","URI":"/api/v1/maximum?machineId=3","status":200}
{"level":"info","timestamp":"2023-02-03T14:03:35.065+0700","caller":"auto_cashier/main.go:39","msg":"request","URI":"/api/v1/maximum?machineId=3","status":200}
{"level":"info","timestamp":"2023-02-03T14:03:35.066+0700","caller":"auto_cashier/main.go:39","msg":"request","URI":"/api/v1/maximum?machineId=3","status":200}
{"level":"info","timestamp":"2023-02-03T14:03:35.622+0700","caller":"auto_cashier/main.go:39","msg":"request","URI":"/api/v1/maximum?machineId=3","status":200}
{"level":"info","timestamp":"2023-02-03T14:03:35.622+0700","caller":"auto_cashier/main.go:39","msg":"request","URI":"/api/v1/maximum?machineId=3","status":200}
{"level":"info","timestamp":"2023-02-03T14:03:36.324+0700","caller":"auto_cashier/main.go:39","msg":"request","URI":"/api/v1/maximum?machineId=3","status":200}
{"level":"info","timestamp":"2023-02-03T14:03:36.325+0700","caller":"auto_cashier/main.go:39","msg":"request","URI":"/api/v1/maximum?machineId=3","status":200}
{"level":"error","timestamp":"2023-02-03T14:03:43.556+0700","caller":"controllers/controllers.go:153","msg":"not enough change!","stacktrace":"github.com/BigbossXD/auto_cashier/controllers.(*ConfigsController).Receive\n\t/Users/bigboss/Desktop/qchang/auto_cashier/controllers/controllers.go:153\ngithub.com/labstack/echo/v4.(*Echo).add.func1\n\t/Users/bigboss/go/pkg/mod/github.com/labstack/echo/v4@v4.10.0/echo.go:546\ngithub.com/labstack/echo/v4/middleware.RequestLoggerConfig.ToMiddleware.func1.1\n\t/Users/bigboss/go/pkg/mod/github.com/labstack/echo/v4@v4.10.0/middleware/request_logger.go:259\ngithub.com/labstack/echo/v4/middleware.CORSWithConfig.func1.1\n\t/Users/bigboss/go/pkg/mod/github.com/labstack/echo/v4@v4.10.0/middleware/cors.go:255\ngithub.com/labstack/echo/v4.(*Echo).ServeHTTP\n\t/Users/bigboss/go/pkg/mod/github.com/labstack/echo/v4@v4.10.0/echo.go:633\nnet/http.serverHandler.ServeHTTP\n\t/usr/local/go/src/net/http/server.go:2947\nnet/http.(*conn).serve\n\t/usr/local/go/src/net/http/server.go:1991"}
{"level":"info","timestamp":"2023-02-03T14:03:43.556+0700","caller":"auto_cashier/main.go:39","msg":"request","URI":"/api/v1/receive","status":400}
{"level":"info","timestamp":"2023-02-03T14:03:45.759+0700","caller":"auto_cashier/main.go:39","msg":"request","URI":"/api/v1/maximum?machineId=3","status":200}
{"level":"info","timestamp":"2023-02-03T14:03:45.760+0700","caller":"auto_cashier/main.go:39","msg":"request","URI":"/api/v1/maximum?machineId=3","status":200}
{"level":"info","timestamp":"2023-02-03T14:03:47.896+0700","caller":"auto_cashier/main.go:39","msg":"request","URI":"/api/v1/maximum?machineId=3","status":200}
{"level":"info","timestamp":"2023-02-03T14:03:47.896+0700","caller":"auto_cashier/main.go:39","msg":"request","URI":"/api/v1/maximum?machineId=3","status":200}
{"level":"info","timestamp":"2023-02-03T14:03:48.502+0700","caller":"auto_cashier/main.go:39","msg":"request","URI":"/api/v1/maximum?machineId=3","status":200}
{"level":"info","timestamp":"2023-02-03T14:03:48.503+0700","caller":"auto_cashier/main.go:39","msg":"request","URI":"/api/v1/maximum?machineId=3","status":200}
{"level":"info","timestamp":"2023-02-03T14:03:49.074+0700","caller":"auto_cashier/main.go:39","msg":"request","URI":"/api/v1/maximum?machineId=3","status":200}
{"level":"info","timestamp":"2023-02-03T14:03:49.075+0700","caller":"auto_cashier/main.go:39","msg":"request","URI":"/api/v1/maximum?machineId=3","status":200}
{"level":"info","timestamp":"2023-02-03T14:03:49.627+0700","caller":"auto_cashier/main.go:39","msg":"request","URI":"/api/v1/maximum?machineId=3","status":200}
{"level":"info","timestamp":"2023-02-03T14:03:49.628+0700","caller":"auto_cashier/main.go:39","msg":"request","URI":"/api/v1/maximum?machineId=3","status":200}
{"level":"info","timestamp":"2023-02-03T14:03:50.238+0700","caller":"auto_cashier/main.go:39","msg":"request","URI":"/api/v1/maximum?machineId=3","status":200}
{"level":"info","timestamp":"2023-02-03T14:03:50.244+0700","caller":"auto_cashier/main.go:39","msg":"request","URI":"/api/v1/maximum?machineId=3","status":200}
{"level":"info","timestamp":"2023-02-03T14:03:50.739+0700","caller":"auto_cashier/main.go:39","msg":"request","URI":"/api/v1/maximum?machineId=3","status":200}
{"level":"info","timestamp":"2023-02-03T14:03:50.740+0700","caller":"auto_cashier/main.go:39","msg":"request","URI":"/api/v1/maximum?machineId=3","status":200}
{"level":"info","timestamp":"2023-02-03T14:03:51.299+0700","caller":"auto_cashier/main.go:39","msg":"request","URI":"/api/v1/maximum?machineId=3","status":200}
{"level":"info","timestamp":"2023-02-03T14:03:51.299+0700","caller":"auto_cashier/main.go:39","msg":"request","URI":"/api/v1/maximum?machineId=3","status":200}
{"level":"info","timestamp":"2023-02-03T14:03:52.039+0700","caller":"auto_cashier/main.go:39","msg":"request","URI":"/api/v1/maximum?machineId=3","status":200}
{"level":"info","timestamp":"2023-02-03T14:03:52.040+0700","caller":"auto_cashier/main.go:39","msg":"request","URI":"/api/v1/maximum?machineId=3","status":200}
{"level":"info","timestamp":"2023-02-03T14:03:52.505+0700","caller":"auto_cashier/main.go:39","msg":"request","URI":"/api/v1/maximum?machineId=3","status":200}
{"level":"info","timestamp":"2023-02-03T14:03:52.506+0700","caller":"auto_cashier/main.go:39","msg":"request","URI":"/api/v1/maximum?machineId=3","status":200}
{"level":"info","timestamp":"2023-02-03T14:03:53.155+0700","caller":"auto_cashier/main.go:39","msg":"request","URI":"/api/v1/maximum?machineId=3","status":200}
{"level":"info","timestamp":"2023-02-03T14:03:53.156+0700","caller":"auto_cashier/main.go:39","msg":"request","URI":"/api/v1/maximum?machineId=3","status":200}
{"level":"info","timestamp":"2023-02-03T14:03:53.676+0700","caller":"auto_cashier/main.go:39","msg":"request","URI":"/api/v1/maximum?machineId=3","status":200}
{"level":"info","timestamp":"2023-02-03T14:03:53.677+0700","caller":"auto_cashier/main.go:39","msg":"request","URI":"/api/v1/maximum?machineId=3","status":200}
{"level":"info","timestamp":"2023-02-03T14:03:54.149+0700","caller":"auto_cashier/main.go:39","msg":"request","URI":"/api/v1/maximum?machineId=3","status":200}
{"level":"info","timestamp":"2023-02-03T14:03:54.150+0700","caller":"auto_cashier/main.go:39","msg":"request","URI":"/api/v1/maximum?machineId=3","status":200}
{"level":"info","timestamp":"2023-02-03T14:03:54.601+0700","caller":"auto_cashier/main.go:39","msg":"request","URI":"/api/v1/maximum?machineId=3","status":200}
{"level":"info","timestamp":"2023-02-03T14:03:54.601+0700","caller":"auto_cashier/main.go:39","msg":"request","URI":"/api/v1/maximum?machineId=3","status":200}
{"level":"info","timestamp":"2023-02-03T14:03:55.045+0700","caller":"auto_cashier/main.go:39","msg":"request","URI":"/api/v1/maximum?machineId=3","status":200}
{"level":"info","timestamp":"2023-02-03T14:03:55.046+0700","caller":"auto_cashier/main.go:39","msg":"request","URI":"/api/v1/maximum?machineId=3","status":200}
{"level":"info","timestamp":"2023-02-03T14:03:55.525+0700","caller":"auto_cashier/main.go:39","msg":"request","URI":"/api/v1/maximum?machineId=3","status":200}
{"level":"info","timestamp":"2023-02-03T14:03:55.526+0700","caller":"auto_cashier/main.go:39","msg":"request","URI":"/api/v1/maximum?machineId=3","status":200}
{"level":"info","timestamp":"2023-02-03T14:03:55.997+0700","caller":"auto_cashier/main.go:39","msg":"request","URI":"/api/v1/maximum?machineId=3","status":200}
{"level":"info","timestamp":"2023-02-03T14:03:55.998+0700","caller":"auto_cashier/main.go:39","msg":"request","URI":"/api/v1/maximum?machineId=3","status":200}
{"level":"info","timestamp":"2023-02-03T14:03:56.576+0700","caller":"auto_cashier/main.go:39","msg":"request","URI":"/api/v1/maximum?machineId=3","status":200}
{"level":"info","timestamp":"2023-02-03T14:03:56.601+0700","caller":"auto_cashier/main.go:39","msg":"request","URI":"/api/v1/maximum?machineId=3","status":200}
{"level":"info","timestamp":"2023-02-03T14:03:57.044+0700","caller":"auto_cashier/main.go:39","msg":"request","URI":"/api/v1/maximum?machineId=3","status":200}
{"level":"info","timestamp":"2023-02-03T14:03:57.045+0700","caller":"auto_cashier/main.go:39","msg":"request","URI":"/api/v1/maximum?machineId=3","status":200}
{"level":"info","timestamp":"2023-02-03T14:03:57.537+0700","caller":"auto_cashier/main.go:39","msg":"request","URI":"/api/v1/maximum?machineId=3","status":200}
{"level":"info","timestamp":"2023-02-03T14:03:57.538+0700","caller":"auto_cashier/main.go:39","msg":"request","URI":"/api/v1/maximum?machineId=3","status":200}
{"level":"info","timestamp":"2023-02-03T14:03:58.102+0700","caller":"auto_cashier/main.go:39","msg":"request","URI":"/api/v1/maximum?machineId=3","status":200}
{"level":"info","timestamp":"2023-02-03T14:03:58.103+0700","caller":"auto_cashier/main.go:39","msg":"request","URI":"/api/v1/maximum?machineId=3","status":200}
{"level":"info","timestamp":"2023-02-03T14:03:58.580+0700","caller":"auto_cashier/main.go:39","msg":"request","URI":"/api/v1/maximum?machineId=3","status":200}
{"level":"info","timestamp":"2023-02-03T14:03:58.581+0700","caller":"auto_cashier/main.go:39","msg":"request","URI":"/api/v1/maximum?machineId=3","status":200}
{"level":"info","timestamp":"2023-02-03T14:03:59.099+0700","caller":"auto_cashier/main.go:39","msg":"request","URI":"/api/v1/maximum?machineId=3","status":200}
{"level":"info","timestamp":"2023-02-03T14:03:59.100+0700","caller":"auto_cashier/main.go:39","msg":"request","URI":"/api/v1/maximum?machineId=3","status":200}
{"level":"info","timestamp":"2023-02-03T14:03:59.529+0700","caller":"auto_cashier/main.go:39","msg":"request","URI":"/api/v1/maximum?machineId=3","status":200}
{"level":"info","timestamp":"2023-02-03T14:03:59.530+0700","caller":"auto_cashier/main.go:39","msg":"request","URI":"/api/v1/maximum?machineId=3","status":200}
{"level":"info","timestamp":"2023-02-03T14:03:59.952+0700","caller":"auto_cashier/main.go:39","msg":"request","URI":"/api/v1/maximum?machineId=3","status":200}
{"level":"info","timestamp":"2023-02-03T14:03:59.952+0700","caller":"auto_cashier/main.go:39","msg":"request","URI":"/api/v1/maximum?machineId=3","status":200}
{"level":"info","timestamp":"2023-02-03T14:04:00.413+0700","caller":"auto_cashier/main.go:39","msg":"request","URI":"/api/v1/maximum?machineId=3","status":200}
{"level":"info","timestamp":"2023-02-03T14:04:00.430+0700","caller":"auto_cashier/main.go:39","msg":"request","URI":"/api/v1/maximum?machineId=3","status":200}
{"level":"info","timestamp":"2023-02-03T14:04:00.930+0700","caller":"auto_cashier/main.go:39","msg":"request","URI":"/api/v1/maximum?machineId=3","status":200}
{"level":"info","timestamp":"2023-02-03T14:04:00.931+0700","caller":"auto_cashier/main.go:39","msg":"request","URI":"/api/v1/maximum?machineId=3","status":200}
{"level":"error","timestamp":"2023-02-03T14:04:13.806+0700","caller":"controllers/controllers.go:153","msg":"not enough change!","stacktrace":"github.com/BigbossXD/auto_cashier/controllers.(*ConfigsController).Receive\n\t/Users/bigboss/Desktop/qchang/auto_cashier/controllers/controllers.go:153\ngithub.com/labstack/echo/v4.(*Echo).add.func1\n\t/Users/bigboss/go/pkg/mod/github.com/labstack/echo/v4@v4.10.0/echo.go:546\ngithub.com/labstack/echo/v4/middleware.RequestLoggerConfig.ToMiddleware.func1.1\n\t/Users/bigboss/go/pkg/mod/github.com/labstack/echo/v4@v4.10.0/middleware/request_logger.go:259\ngithub.com/labstack/echo/v4/middleware.CORSWithConfig.func1.1\n\t/Users/bigboss/go/pkg/mod/github.com/labstack/echo/v4@v4.10.0/middleware/cors.go:255\ngithub.com/labstack/echo/v4.(*Echo).ServeHTTP\n\t/Users/bigboss/go/pkg/mod/github.com/labstack/echo/v4@v4.10.0/echo.go:633\nnet/http.serverHandler.ServeHTTP\n\t/usr/local/go/src/net/http/server.go:2947\nnet/http.(*conn).serve\n\t/usr/local/go/src/net/http/server.go:1991"}
{"level":"info","timestamp":"2023-02-03T14:04:13.807+0700","caller":"auto_cashier/main.go:39","msg":"request","URI":"/api/v1/receive","status":400}
{"level":"info","timestamp":"2023-02-03T14:04:18.058+0700","caller":"auto_cashier/main.go:39","msg":"request","URI":"/api/v1/maximum?machineId=3","status":200}
{"level":"info","timestamp":"2023-02-03T14:04:29.374+0700","caller":"auto_cashier/main.go:39","msg":"request","URI":"/api/v1/maximum?machineId=3","status":200}
{"level":"info","timestamp":"2023-02-03T14:04:29.376+0700","caller":"auto_cashier/main.go:39","msg":"request","URI":"/api/v1/maximum?machineId=3","status":200}
{"level":"info","timestamp":"2023-02-03T14:04:35.871+0700","caller":"auto_cashier/main.go:39","msg":"request","URI":"/api/v1/maximum?machineId=3","status":200}
{"level":"info","timestamp":"2023-02-03T14:04:35.872+0700","caller":"auto_cashier/main.go:39","msg":"request","URI":"/api/v1/maximum?machineId=3","status":200}
{"level":"info","timestamp":"2023-02-03T14:04:43.088+0700","caller":"auto_cashier/main.go:39","msg":"request","URI":"/api/v1/withdraw","status":200}
{"level":"info","timestamp":"2023-02-03T14:04:44.328+0700","caller":"auto_cashier/main.go:39","msg":"request","URI":"/api/v1/maximum?machineId=3","status":200}
{"level":"info","timestamp":"2023-02-03T14:04:44.329+0700","caller":"auto_cashier/main.go:39","msg":"request","URI":"/api/v1/maximum?machineId=3","status":200}
{"level":"info","timestamp":"2023-02-03T14:04:44.844+0700","caller":"auto_cashier/main.go:39","msg":"request","URI":"/api/v1/maximum?machineId=3","status":200}
{"level":"info","timestamp":"2023-02-03T14:04:44.845+0700","caller":"auto_cashier/main.go:39","msg":"request","URI":"/api/v1/maximum?machineId=3","status":200}
{"level":"info","timestamp":"2023-02-03T14:04:52.779+0700","caller":"auto_cashier/main.go:39","msg":"request","URI":"/api/v1/deposit","status":200}
{"level":"info","timestamp":"2023-02-03T14:04:53.933+0700","caller":"auto_cashier/main.go:39","msg":"request","URI":"/api/v1/maximum?machineId=3","status":200}
{"level":"info","timestamp":"2023-02-03T14:04:53.935+0700","caller":"auto_cashier/main.go:39","msg":"request","URI":"/api/v1/maximum?machineId=3","status":200}
{"level":"info","timestamp":"2023-02-03T14:04:56.119+0700","caller":"auto_cashier/main.go:39","msg":"request","URI":"/api/v1/maximum?machineId=3","status":200}
{"level":"info","timestamp":"2023-02-03T14:04:56.120+0700","caller":"auto_cashier/main.go:39","msg":"request","URI":"/api/v1/maximum?machineId=3","status":200}
{"level":"info","timestamp":"2023-02-03T14:04:56.565+0700","caller":"auto_cashier/main.go:39","msg":"request","URI":"/api/v1/maximum?machineId=3","status":200}
{"level":"info","timestamp":"2023-02-03T14:04:56.566+0700","caller":"auto_cashier/main.go:39","msg":"request","URI":"/api/v1/maximum?machineId=3","status":200}
{"level":"info","timestamp":"2023-02-03T14:04:56.767+0700","caller":"auto_cashier/main.go:39","msg":"request","URI":"/api/v1/maximum?machineId=3","status":200}
{"level":"info","timestamp":"2023-02-03T14:04:56.768+0700","caller":"auto_cashier/main.go:39","msg":"request","URI":"/api/v1/maximum?machineId=3","status":200}
{"level":"info","timestamp":"2023-02-03T14:04:57.291+0700","caller":"auto_cashier/main.go:39","msg":"request","URI":"/api/v1/maximum?machineId=3","status":200}
{"level":"info","timestamp":"2023-02-03T14:04:57.292+0700","caller":"auto_cashier/main.go:39","msg":"request","URI":"/api/v1/maximum?machineId=3","status":200}
{"level":"info","timestamp":"2023-02-03T14:04:57.804+0700","caller":"auto_cashier/main.go:39","msg":"request","URI":"/api/v1/maximum?machineId=3","status":200}
{"level":"info","timestamp":"2023-02-03T14:04:57.805+0700","caller":"auto_cashier/main.go:39","msg":"request","URI":"/api/v1/maximum?machineId=3","status":200}
{"level":"info","timestamp":"2023-02-03T14:04:58.243+0700","caller":"auto_cashier/main.go:39","msg":"request","URI":"/api/v1/maximum?machineId=3","status":200}
{"level":"info","timestamp":"2023-02-03T14:04:58.244+0700","caller":"auto_cashier/main.go:39","msg":"request","URI":"/api/v1/maximum?machineId=3","status":200}
{"level":"info","timestamp":"2023-02-03T14:04:58.748+0700","caller":"auto_cashier/main.go:39","msg":"request","URI":"/api/v1/maximum?machineId=3","status":200}
{"level":"info","timestamp":"2023-02-03T14:04:58.750+0700","caller":"auto_cashier/main.go:39","msg":"request","URI":"/api/v1/maximum?machineId=3","status":200}
{"level":"info","timestamp":"2023-02-03T14:04:59.231+0700","caller":"auto_cashier/main.go:39","msg":"request","URI":"/api/v1/maximum?machineId=3","status":200}
{"level":"info","timestamp":"2023-02-03T14:04:59.232+0700","caller":"auto_cashier/main.go:39","msg":"request","URI":"/api/v1/maximum?machineId=3","status":200}
{"level":"info","timestamp":"2023-02-03T14:04:59.711+0700","caller":"auto_cashier/main.go:39","msg":"request","URI":"/api/v1/maximum?machineId=3","status":200}
{"level":"info","timestamp":"2023-02-03T14:04:59.712+0700","caller":"auto_cashier/main.go:39","msg":"request","URI":"/api/v1/maximum?machineId=3","status":200}
{"level":"info","timestamp":"2023-02-03T14:05:00.359+0700","caller":"auto_cashier/main.go:39","msg":"request","URI":"/api/v1/maximum?machineId=3","status":200}
{"level":"info","timestamp":"2023-02-03T14:05:00.360+0700","caller":"auto_cashier/main.go:39","msg":"request","URI":"/api/v1/maximum?machineId=3","status":200}
{"level":"info","timestamp":"2023-02-03T14:05:00.883+0700","caller":"auto_cashier/main.go:39","msg":"request","URI":"/api/v1/maximum?machineId=3","status":200}
{"level":"info","timestamp":"2023-02-03T14:05:00.884+0700","caller":"auto_cashier/main.go:39","msg":"request","URI":"/api/v1/maximum?machineId=3","status":200}
{"level":"info","timestamp":"2023-02-03T14:05:01.351+0700","caller":"auto_cashier/main.go:39","msg":"request","URI":"/api/v1/maximum?machineId=3","status":200}
{"level":"info","timestamp":"2023-02-03T14:05:01.352+0700","caller":"auto_cashier/main.go:39","msg":"request","URI":"/api/v1/maximum?machineId=3","status":200}
{"level":"info","timestamp":"2023-02-03T14:05:01.810+0700","caller":"auto_cashier/main.go:39","msg":"request","URI":"/api/v1/maximum?machineId=3","status":200}
{"level":"info","timestamp":"2023-02-03T14:05:01.811+0700","caller":"auto_cashier/main.go:39","msg":"request","URI":"/api/v1/maximum?machineId=3","status":200}
{"level":"info","timestamp":"2023-02-03T14:05:02.378+0700","caller":"auto_cashier/main.go:39","msg":"request","URI":"/api/v1/maximum?machineId=3","status":200}
{"level":"info","timestamp":"2023-02-03T14:05:02.379+0700","caller":"auto_cashier/main.go:39","msg":"request","URI":"/api/v1/maximum?machineId=3","status":200}
{"level":"info","timestamp":"2023-02-03T14:05:02.858+0700","caller":"auto_cashier/main.go:39","msg":"request","URI":"/api/v1/maximum?machineId=3","status":200}
{"level":"info","timestamp":"2023-02-03T14:05:02.859+0700","caller":"auto_cashier/main.go:39","msg":"request","URI":"/api/v1/maximum?machineId=3","status":200}
{"level":"info","timestamp":"2023-02-03T14:05:03.187+0700","caller":"auto_cashier/main.go:39","msg":"request","URI":"/api/v1/maximum?machineId=3","status":200}
{"level":"info","timestamp":"2023-02-03T14:05:03.188+0700","caller":"auto_cashier/main.go:39","msg":"request","URI":"/api/v1/maximum?machineId=3","status":200}
{"level":"info","timestamp":"2023-02-03T14:05:03.766+0700","caller":"auto_cashier/main.go:39","msg":"request","URI":"/api/v1/maximum?machineId=3","status":200}
{"level":"info","timestamp":"2023-02-03T14:05:03.767+0700","caller":"auto_cashier/main.go:39","msg":"request","URI":"/api/v1/maximum?machineId=3","status":200}
{"level":"info","timestamp":"2023-02-03T14:05:03.998+0700","caller":"auto_cashier/main.go:39","msg":"request","URI":"/api/v1/maximum?machineId=3","status":200}
{"level":"info","timestamp":"2023-02-03T14:05:03.999+0700","caller":"auto_cashier/main.go:39","msg":"request","URI":"/api/v1/maximum?machineId=3","status":200}
{"level":"info","timestamp":"2023-02-03T14:05:04.093+0700","caller":"auto_cashier/main.go:39","msg":"request","URI":"/api/v1/maximum?machineId=3","status":200}
{"level":"info","timestamp":"2023-02-03T14:05:04.094+0700","caller":"auto_cashier/main.go:39","msg":"request","URI":"/api/v1/maximum?machineId=3","status":200}
{"level":"info","timestamp":"2023-02-03T14:05:04.601+0700","caller":"auto_cashier/main.go:39","msg":"request","URI":"/api/v1/maximum?machineId=3","status":200}
{"level":"info","timestamp":"2023-02-03T14:05:04.602+0700","caller":"auto_cashier/main.go:39","msg":"request","URI":"/api/v1/maximum?machineId=3","status":200}
{"level":"info","timestamp":"2023-02-03T14:05:05.032+0700","caller":"auto_cashier/main.go:39","msg":"request","URI":"/api/v1/maximum?machineId=3","status":200}
{"level":"info","timestamp":"2023-02-03T14:05:05.033+0700","caller":"auto_cashier/main.go:39","msg":"request","URI":"/api/v1/maximum?machineId=3","status":200}
{"level":"info","timestamp":"2023-02-03T14:05:12.170+0700","caller":"auto_cashier/main.go:39","msg":"request","URI":"/api/v1/receive","status":200}
{"level":"info","timestamp":"2023-02-03T14:06:56.932+0700","caller":"auto_cashier/main.go:39","msg":"request","URI":"/api/v1/configs?machineId=3","status":200}
{"level":"info","timestamp":"2023-02-03T14:06:56.934+0700","caller":"auto_cashier/main.go:39","msg":"request","URI":"/api/v1/configs?machineId=3","status":200}
{"level":"info","timestamp":"2023-02-03T14:06:59.332+0700","caller":"auto_cashier/main.go:39","msg":"request","URI":"/api/v1/maximum?machineId=3","status":200}
{"level":"info","timestamp":"2023-02-03T14:06:59.332+0700","caller":"auto_cashier/main.go:39","msg":"request","URI":"/api/v1/maximum?machineId=3","status":200}
{"level":"info","timestamp":"2023-02-03T14:06:59.735+0700","caller":"auto_cashier/main.go:39","msg":"request","URI":"/api/v1/transections?machineId=3&limit=100","status":200}
{"level":"info","timestamp":"2023-02-03T14:06:59.738+0700","caller":"auto_cashier/main.go:39","msg":"request","URI":"/api/v1/transections?machineId=3&limit=100","status":200}
{"level":"info","timestamp":"2023-02-03T14:07:01.937+0700","caller":"auto_cashier/main.go:39","msg":"request","URI":"/api/v1/machine","status":200}
{"level":"info","timestamp":"2023-02-03T14:07:01.938+0700","caller":"auto_cashier/main.go:39","msg":"request","URI":"/api/v1/machine","status":200}
{"level":"info","timestamp":"2023-02-03T14:07:01.945+0700","caller":"auto_cashier/main.go:39","msg":"request","URI":"/api/v1/machine/full","status":200}
{"level":"info","timestamp":"2023-02-03T14:07:01.979+0700","caller":"auto_cashier/main.go:39","msg":"request","URI":"/api/v1/machine/full","status":200}
{"level":"info","timestamp":"2023-02-03T14:07:01.984+0700","caller":"auto_cashier/main.go:39","msg":"request","URI":"/api/v1/machine/empty","status":200}
{"level":"info","timestamp":"2023-02-03T14:07:02.002+0700","caller":"auto_cashier/main.go:39","msg":"request","URI":"/api/v1/machine/empty","status":200}
{"level":"info","timestamp":"2023-02-03T14:31:50.987+0700","caller":"auto_cashier/main.go:39","msg":"request","URI":"/api/v1/machine","status":200}
{"level":"info","timestamp":"2023-02-03T14:43:11.573+0700","caller":"auto_cashier/main.go:39","msg":"request","URI":"/api/v1/machine/full","status":200}
{"level":"info","timestamp":"2023-02-03T14:46:13.268+0700","caller":"auto_cashier/main.go:39","msg":"request","URI":"/api/v1/machine/full","status":200}
{"level":"info","timestamp":"2023-02-03T14:46:15.336+0700","caller":"auto_cashier/main.go:39","msg":"request","URI":"/api/v1/machine/empty","status":200}
{"level":"info","timestamp":"2023-02-03T14:46:44.307+0700","caller":"auto_cashier/main.go:39","msg":"request","URI":"/api/v1/machine","status":201}
{"level":"info","timestamp":"2023-02-03T14:53:43.721+0700","caller":"auto_cashier/main.go:39","msg":"request","URI":"/api/v1/configs?machineId=1","status":200}
{"level":"error","timestamp":"2023-02-03T15:07:23.525+0700","caller":"controllers/controllers.go:153","msg":"not enough change!","stacktrace":"github.com/BigbossXD/auto_cashier/controllers.(*ConfigsController).Receive\n\t/Users/bigboss/Desktop/qchang/auto_cashier/controllers/controllers.go:153\ngithub.com/labstack/echo/v4.(*Echo).add.func1\n\t/Users/bigboss/go/pkg/mod/github.com/labstack/echo/v4@v4.10.0/echo.go:546\ngithub.com/labstack/echo/v4/middleware.RequestLoggerConfig.ToMiddleware.func1.1\n\t/Users/bigboss/go/pkg/mod/github.com/labstack/echo/v4@v4.10.0/middleware/request_logger.go:259\ngithub.com/labstack/echo/v4/middleware.CORSWithConfig.func1.1\n\t/Users/bigboss/go/pkg/mod/github.com/labstack/echo/v4@v4.10.0/middleware/cors.go:190\ngithub.com/labstack/echo/v4.(*Echo).ServeHTTP\n\t/Users/bigboss/go/pkg/mod/github.com/labstack/echo/v4@v4.10.0/echo.go:633\nnet/http.serverHandler.ServeHTTP\n\t/usr/local/go/src/net/http/server.go:2947\nnet/http.(*conn).serve\n\t/usr/local/go/src/net/http/server.go:1991"}
{"level":"info","timestamp":"2023-02-03T15:07:23.526+0700","caller":"auto_cashier/main.go:39","msg":"request","URI":"/api/v1/receive","status":400}
{"level":"info","timestamp":"2023-02-03T15:07:35.197+0700","caller":"auto_cashier/main.go:39","msg":"request","URI":"/api/v1/receive","status":200}
{"level":"info","timestamp":"2023-02-03T15:09:57.297+0700","caller":"auto_cashier/main.go:39","msg":"request","URI":"/api/v1/transections?machineId=1&limit=2","status":200}
